#
# A fatal error has been detected by the Java Runtime Environment:
#
#  EXCEPTION_ACCESS_VIOLATION (0xc0000005) at pc=0x0000000053d44609, pid=24612, tid=69328
#
# JRE version: Java(TM) SE Runtime Environment (7.0_55-b13) (build 1.7.0_55-b13)
# Java VM: Java HotSpot(TM) 64-Bit Server VM (24.55-b03 mixed mode windows-amd64 compressed oops)
# Problematic frame:
# V  [jvm.dll+0x54609]
#
# Failed to write core dump. Minidumps are not enabled by default on client versions of Windows
#
# If you would like to submit a bug report, please visit:
#   http://bugreport.sun.com/bugreport/crash.jsp
#

---------------  T H R E A D  ---------------

Current thread (0x000000000a891800):  JavaThread "JDWP Transport Listener: dt_socket" daemon [_thread_in_vm, id=69328, stack(0x000000000c750000,0x000000000c850000)]

siginfo: ExceptionCode=0xc0000005, reading address 0x000000000000000c

Registers:
RAX=0x000000000000000c, RBX=0x000000000a891800, RCX=0x0000000000000003, RDX=0x0000000000000000
RSP=0x000000000c84f620, RBP=0x000000000000000c, RSI=0x0000000000000000, RDI=0x0000000000000010
R8 =0x00000007d62b7140, R9 =0x0000000000000000, R10=0x0000000000000000, R11=0x0000000000000001
R12=0x0000000000000000, R13=0x000000000a884678, R14=0x0000000000000000, R15=0x0000000000000000
RIP=0x0000000053d44609, EFLAGS=0x0000000000010246

Top of Stack: (sp=0x000000000c84f620)
0x000000000c84f620:   000000000a891800 0000000000000000
0x000000000c84f630:   0000000000000000 000000000a891800
0x000000000c84f640:   0000000000000000 0000000053e0b427
0x000000000c84f650:   00000007d62b7140 000000000c84f770
0x000000000c84f660:   000000000a823f20 000000000c84f740
0x000000000c84f670:   000000000a891800 0000000000000000
0x000000000c84f680:   000000000a823f20 000000000c84f770
0x000000000c84f690:   0000000000000000 000000000a884678
0x000000000c84f6a0:   0000000000000000 0000000069a57d15
0x000000000c84f6b0:   000000000c84f740 000000000c84f770
0x000000000c84f6c0:   000000000a823f20 000000000a8919e8
0x000000000c84f6d0:   000000000cd3190a 0000000069a5f08c
0x000000000c84f6e0:   000000000a010a01 000000000c84f7e0
0x000000000c84f6f0:   000000000a884201 000000000a884201
0x000000000c84f700:   0000058b00000013 000000000a010a00
0x000000000c84f710:   0000000002037df0 0000000053e7be9a 

Instructions: (pc=0x0000000053d44609)
0x0000000053d445e9:   d2 48 8b c5 eb 18 48 8b d0 48 8b c5 48 d3 e2 48
0x0000000053d445f9:   03 15 b1 72 69 00 eb 06 48 8b 12 48 8b c7 48 98
0x0000000053d44609:   8b 14 10 85 d2 74 2a 45 84 db 4c 63 c6 48 0f 45
0x0000000053d44619:   fd 8d 47 0b 48 63 c8 48 83 e1 f8 48 c1 e9 03 8d 


Register to memory mapping:

RAX=0x000000000000000c is an unknown value
RBX=0x000000000a891800 is a thread
RCX=0x0000000000000003 is an unknown value
RDX=0x0000000000000000 is an unknown value
RSP=0x000000000c84f620 is pointing into the stack for thread: 0x000000000a891800
RBP=0x000000000000000c is an unknown value
RSI=0x0000000000000000 is an unknown value
RDI=0x0000000000000010 is an unknown value
R8 =0x00000007d62b7140 is an oop
java.lang.String 
 - klass: 'java/lang/String'
R9 =0x0000000000000000 is an unknown value
R10=0x0000000000000000 is an unknown value
R11=0x0000000000000001 is an unknown value
R12=0x0000000000000000 is an unknown value
R13=0x000000000a884678 is an unknown value
R14=0x0000000000000000 is an unknown value
R15=0x0000000000000000 is an unknown value


Stack: [0x000000000c750000,0x000000000c850000],  sp=0x000000000c84f620,  free space=1021k
Native frames: (J=compiled Java code, j=interpreted, Vv=VM code, C=native code)
V  [jvm.dll+0x54609]


---------------  P R O C E S S  ---------------

Java Threads: ( => current thread )
  0x000000000cd98800 JavaThread "ReaderThread" [_thread_in_native, id=68620, stack(0x000000000d290000,0x000000000d390000)]
  0x000000000ca63800 JavaThread "Service Thread" daemon [_thread_blocked, id=68804, stack(0x000000000d180000,0x000000000d280000)]
  0x000000000ca5a000 JavaThread "C2 CompilerThread1" daemon [_thread_blocked, id=7012, stack(0x000000000d000000,0x000000000d100000)]
  0x000000000ca56800 JavaThread "C2 CompilerThread0" daemon [_thread_blocked, id=68784, stack(0x000000000c640000,0x000000000c740000)]
  0x000000000ca49800 JavaThread "JDWP Command Reader" daemon [_thread_in_native, id=18152, stack(0x000000000ceb0000,0x000000000cfb0000)]
  0x000000000a89c800 JavaThread "JDWP Event Helper Thread" daemon [_thread_blocked, id=2512, stack(0x000000000c940000,0x000000000ca40000)]
=>0x000000000a891800 JavaThread "JDWP Transport Listener: dt_socket" daemon [_thread_in_vm, id=69328, stack(0x000000000c750000,0x000000000c850000)]
  0x000000000a889800 JavaThread "Attach Listener" daemon [_thread_blocked, id=31048, stack(0x000000000bc50000,0x000000000bd50000)]
  0x000000000a882800 JavaThread "Signal Dispatcher" daemon [_thread_blocked, id=68196, stack(0x000000000bec0000,0x000000000bfc0000)]
  0x000000000a82d000 JavaThread "Finalizer" daemon [_thread_blocked, id=62732, stack(0x000000000bdb0000,0x000000000beb0000)]
  0x000000000a824000 JavaThread "Reference Handler" daemon [_thread_blocked, id=35100, stack(0x000000000bae0000,0x000000000bbe0000)]
  0x000000000047f800 JavaThread "main" [_thread_blocked, id=69096, stack(0x00000000022e0000,0x00000000023e0000)]

Other Threads:
  0x000000000a81b000 VMThread [stack: 0x000000000b8d0000,0x000000000b9d0000] [id=68904]
  0x000000000ca78800 WatcherThread [stack: 0x000000000d470000,0x000000000d570000] [id=69012]

VM state:not at safepoint (normal execution)

VM Mutex/Monitor currently owned by a thread: None

Heap
 PSYoungGen      total 38400K, used 5325K [0x00000007d5e00000, 0x00000007d8880000, 0x0000000800000000)
  eden space 33280K, 16% used [0x00000007d5e00000,0x00000007d6333780,0x00000007d7e80000)
  from space 5120K, 0% used [0x00000007d8380000,0x00000007d8380000,0x00000007d8880000)
  to   space 5120K, 0% used [0x00000007d7e80000,0x00000007d7e80000,0x00000007d8380000)
 ParOldGen       total 86016K, used 0K [0x0000000781a00000, 0x0000000786e00000, 0x00000007d5e00000)
  object space 86016K, 0% used [0x0000000781a00000,0x0000000781a00000,0x0000000786e00000)
 PSPermGen       total 21504K, used 4262K [0x000000077c800000, 0x000000077dd00000, 0x0000000781a00000)
  object space 21504K, 19% used [0x000000077c800000,0x000000077cc29bf0,0x000000077dd00000)

Card table byte_map: [0x00000000053e0000,0x0000000005800000] byte_map_base: 0x00000000017fc000

Polling page: 0x0000000000420000

Code Cache  [0x00000000023e0000, 0x0000000002650000, 0x00000000053e0000)
 total_blobs=231 nmethods=20 adapters=172 free_code_cache=48707Kb largest_free_block=49855872

Compilation events (10 events):
Event: 0.453 Thread 0x000000000ca5a000   15             sun.net.www.ParseUtil::encodePath (336 bytes)
Event: 0.469 Thread 0x000000000ca5a000 nmethod 15 0x000000000244e350 code [0x000000000244e5a0, 0x000000000244f8d8]
Event: 0.484 Thread 0x000000000ca56800   16             java.lang.String::startsWith (72 bytes)
Event: 0.486 Thread 0x000000000ca56800 nmethod 16 0x000000000244c450 code [0x000000000244c5a0, 0x000000000244c818]
Event: 0.491 Thread 0x000000000ca5a000   17             java.lang.Object::<init> (1 bytes)
Event: 0.491 Thread 0x000000000ca5a000 nmethod 17 0x0000000002447ed0 code [0x0000000002448000, 0x0000000002448098]
Event: 0.498 Thread 0x000000000ca56800   18             java.lang.String::equals (81 bytes)
Event: 0.501 Thread 0x000000000ca56800 nmethod 18 0x000000000244be50 code [0x000000000244bfa0, 0x000000000244c298]
Event: 0.502 Thread 0x000000000ca5a000   19             java.io.DataOutputStream::writeUTF (435 bytes)
Event: 0.516 Thread 0x000000000ca5a000 nmethod 19 0x0000000002450a90 code [0x0000000002450c20, 0x00000000024518e8]

GC Heap History (0 events):
No events

Deoptimization events (0 events):
No events

Internal exceptions (10 events):
Event: 0.516 Thread 0x000000000047f800 Threw 0x00000007d62a5fd8 at C:\re\jdk7u55\869\hotspot\src\share\vm\prims\jvm.cpp:1244
Event: 0.517 Thread 0x000000000047f800 Threw 0x00000007d62a7a48 at C:\re\jdk7u55\869\hotspot\src\share\vm\prims\jvm.cpp:1244
Event: 0.517 Thread 0x000000000047f800 Threw 0x00000007d62a9910 at C:\re\jdk7u55\869\hotspot\src\share\vm\prims\jvm.cpp:1244
Event: 0.518 Thread 0x000000000047f800 Threw 0x00000007d62ab4a8 at C:\re\jdk7u55\869\hotspot\src\share\vm\prims\jvm.cpp:1244
Event: 0.518 Thread 0x000000000047f800 Threw 0x00000007d62acee0 at C:\re\jdk7u55\869\hotspot\src\share\vm\prims\jvm.cpp:1244
Event: 0.518 Thread 0x000000000047f800 Threw 0x00000007d62aeaa8 at C:\re\jdk7u55\869\hotspot\src\share\vm\prims\jvm.cpp:1244
Event: 0.518 Thread 0x000000000047f800 Threw 0x00000007d62b0570 at C:\re\jdk7u55\869\hotspot\src\share\vm\prims\jvm.cpp:1244
Event: 0.519 Thread 0x000000000047f800 Threw 0x00000007d62b1fa0 at C:\re\jdk7u55\869\hotspot\src\share\vm\prims\jvm.cpp:1244
Event: 0.519 Thread 0x000000000047f800 Threw 0x00000007d62b39c8 at C:\re\jdk7u55\869\hotspot\src\share\vm\prims\jvm.cpp:1244
Event: 0.519 Thread 0x000000000047f800 Threw 0x00000007d62b54a8 at C:\re\jdk7u55\869\hotspot\src\share\vm\prims\jvm.cpp:1244

Events (10 events):
Event: 28.266 Executing VM operation: ChangeSingleStep
Event: 28.266 Executing VM operation: ChangeSingleStep done
Event: 28.293 Executing VM operation: GetOrSetLocal
Event: 28.293 Executing VM operation: GetOrSetLocal done
Event: 28.606 Executing VM operation: GetOrSetLocal
Event: 28.606 Executing VM operation: GetOrSetLocal done
Event: 28.607 Executing VM operation: GetOrSetLocal
Event: 28.607 Executing VM operation: GetOrSetLocal done
Event: 28.607 Executing VM operation: GetOrSetLocal
Event: 28.607 Executing VM operation: GetOrSetLocal done


Dynamic libraries:
0x000000013f100000 - 0x000000013f133000 	C:\Program Files\Java\jdk1.7.0_55\bin\javaw.exe
0x0000000076ec0000 - 0x0000000077069000 	C:\Windows\SYSTEM32\ntdll.dll
0x0000000076ca0000 - 0x0000000076dbf000 	C:\Windows\system32\kernel32.dll
0x000007fefcfd0000 - 0x000007fefd03b000 	C:\Windows\system32\KERNELBASE.dll
0x000007fefd680000 - 0x000007fefd75b000 	C:\Windows\system32\ADVAPI32.dll
0x000007fefd760000 - 0x000007fefd7ff000 	C:\Windows\system32\msvcrt.dll
0x000007fefd540000 - 0x000007fefd55f000 	C:\Windows\SYSTEM32\sechost.dll
0x000007feff0a0000 - 0x000007feff1cd000 	C:\Windows\system32\RPCRT4.dll
0x0000000076dc0000 - 0x0000000076eba000 	C:\Windows\system32\USER32.dll
0x000007fefeef0000 - 0x000007fefef57000 	C:\Windows\system32\GDI32.dll
0x000007fefe9a0000 - 0x000007fefe9ae000 	C:\Windows\system32\LPK.dll
0x000007fefecb0000 - 0x000007fefed79000 	C:\Windows\system32\USP10.dll
0x000007fefb650000 - 0x000007fefb844000 	C:\Windows\WinSxS\amd64_microsoft.windows.common-controls_6595b64144ccf1df_6.0.7601.17514_none_fa396087175ac9ac\COMCTL32.dll
0x000007fefd600000 - 0x000007fefd671000 	C:\Windows\system32\SHLWAPI.dll
0x000007fefec60000 - 0x000007fefec8e000 	C:\Windows\system32\IMM32.DLL
0x000007fefede0000 - 0x000007fefeee9000 	C:\Windows\system32\MSCTF.dll
0x00000000569c0000 - 0x0000000056a92000 	C:\Program Files\Java\jdk1.7.0_55\jre\bin\msvcr100.dll
0x0000000053cf0000 - 0x00000000544b9000 	C:\Program Files\Java\jdk1.7.0_55\jre\bin\server\jvm.dll
0x000007fef8400000 - 0x000007fef8409000 	C:\Windows\system32\WSOCK32.dll
0x000007fefef60000 - 0x000007fefefad000 	C:\Windows\system32\WS2_32.dll
0x000007fefefb0000 - 0x000007fefefb8000 	C:\Windows\system32\NSI.dll
0x000007fefaa60000 - 0x000007fefaa9b000 	C:\Windows\system32\WINMM.dll
0x0000000077080000 - 0x0000000077087000 	C:\Windows\system32\PSAPI.DLL
0x000000006fac0000 - 0x000000006facf000 	C:\Program Files\Java\jdk1.7.0_55\jre\bin\verify.dll
0x0000000069a90000 - 0x0000000069ab8000 	C:\Program Files\Java\jdk1.7.0_55\jre\bin\java.dll
0x0000000069a50000 - 0x0000000069a85000 	C:\Program Files\Java\jdk1.7.0_55\jre\bin\jdwp.dll
0x000000006c940000 - 0x000000006c948000 	C:\Program Files\Java\jdk1.7.0_55\jre\bin\npt.dll
0x000000006b460000 - 0x000000006b475000 	C:\Program Files\Java\jdk1.7.0_55\jre\bin\zip.dll
0x000000006c4c0000 - 0x000000006c4c9000 	C:\Program Files\Java\jdk1.7.0_55\jre\bin\dt_socket.dll
0x000007fefaa10000 - 0x000007fefaa25000 	C:\Windows\system32\NLAapi.dll
0x000007fef8c60000 - 0x000007fef8c75000 	C:\Windows\system32\napinsp.dll
0x000007fef8c80000 - 0x000007fef8c99000 	C:\Windows\system32\pnrpnsp.dll
0x000007fefc3d0000 - 0x000007fefc425000 	C:\Windows\System32\mswsock.dll
0x000007fefc2c0000 - 0x000007fefc31b000 	C:\Windows\system32\DNSAPI.dll
0x000007fef8c20000 - 0x000007fef8c2b000 	C:\Windows\System32\winrnr.dll
0x000007fefa4b0000 - 0x000007fefa4d7000 	C:\Windows\system32\IPHLPAPI.DLL
0x000007fefa490000 - 0x000007fefa49b000 	C:\Windows\system32\WINNSI.DLL
0x000007fefa3e0000 - 0x000007fefa433000 	C:\Windows\System32\fwpuclnt.dll
0x000007fef8ca0000 - 0x000007fef8ca8000 	C:\Windows\system32\rasadhlp.dll
0x000007fefbea0000 - 0x000007fefbea7000 	C:\Windows\System32\wshtcpip.dll
0x000000006abe0000 - 0x000000006abf9000 	C:\Program Files\Java\jdk1.7.0_55\jre\bin\net.dll
0x000007fefc4d0000 - 0x000007fefc4d7000 	C:\Windows\System32\wship6.dll
0x000007fee74d0000 - 0x000007fee75f5000 	C:\Windows\system32\dbghelp.dll

VM Arguments:
jvm_args: -agentlib:jdwp=transport=dt_socket,suspend=y,address=localhost:11962 -Dfile.encoding=Cp1251 
java_command: org.eclipse.jdt.internal.junit.runner.RemoteTestRunner -version 3 -port 11961 -testLoaderClass org.eclipse.jdt.internal.junit4.runner.JUnit4TestLoader -loaderpluginname org.eclipse.jdt.junit4.runtime -test com.rulezzz.pkr.core.base.structures.HandTest:l
Launcher Type: SUN_STANDARD

Environment Variables:
JAVA_HOME=C:\Program Files\Java\jdk1.7.0_55
PATH=C:\Program Files\Java\jdk1.7.0_55\jre\bin;d:\app\user\product\11.2.0\client_1;C:\Windows\system32;C:\Windows;C:\Windows\System32\Wbem;C:\Windows\System32\WindowsPowerShell\v1.0\;C:\Program Files (x86)\Intel\OpenCL SDK\2.0\bin\x86;C:\Program Files (x86)\Intel\OpenCL SDK\2.0\bin\x64;C:\Program Files\Microsoft\Web Platform Installer\;C:\Program Files (x86)\Microsoft ASP.NET\ASP.NET Web Pages\v1.0\;C:\Program Files\Microsoft SQL Server\110\Tools\Binn\;C:\Program Files (x86)\Microsoft SQL Server\110\Tools\Binn\ManagementStudio\;C:\Program Files (x86)\Microsoft SQL Server\110\Tools\Binn\;C:\Program Files (x86)\Microsoft SQL Server\110\DTS\Binn\;C:\Program Files (x86)\Windows Kits\8.1\Windows Performance Toolkit\;C:\Program Files\Java\jdk1.7.0_55\bin;C:\Program Files (x86)\Git\cmd;C:\Program Files (x86)\Microsoft SQL Server\100\Tools\Binn\;C:\Program Files (x86)\Microsoft SQL Server\100\DTS\Binn\;D:\java\gradle-1.12\bin
USERNAME=EkaterinaK
OS=Windows_NT
PROCESSOR_IDENTIFIER=Intel64 Family 6 Model 58 Stepping 9, GenuineIntel



---------------  S Y S T E M  ---------------

OS: Windows 7 , 64 bit Build 7601 Service Pack 1

CPU:total 4 (4 cores per cpu, 1 threads per core) family 6 model 58 stepping 9, cmov, cx8, fxsr, mmx, sse, sse2, sse3, ssse3, sse4.1, sse4.2, popcnt, avx, aes, erms, tsc, tscinvbit, tscinv

Memory: 4k page, physical 8281508k(3908644k free), swap 16561152k(11445968k free)

vm_info: Java HotSpot(TM) 64-Bit Server VM (24.55-b03) for windows-amd64 JRE (1.7.0_55-b13), built on Mar 17 2014 19:45:30 by "java_re" with unknown MS VC++:1600

time: Wed Jul 16 14:40:42 2014
elapsed time: 28 seconds

